<?xml version="1.0" encoding="UTF-8"?>
<!-- Generated by org.testng.reporters.JUnitReportReporter -->
<testsuite hostname="VG" failures="0" tests="1" name="com.inetBanking.testCases.TC_003_AddCustomerTest" time="25.487" errors="0" timestamp="2024-02-02T19:17:38 IST" skipped="0">
  <testcase classname="com.inetBanking.testCases.TC_003_AddCustomerTest" name="addNewCustomer" time="25.487"/>
  <system-out/>
</testsuite> <!-- com.inetBanking.testCases.TC_003_AddCustomerTest -->
