<?xml version="1.0" encoding="UTF-8"?>
<!-- Generated by org.testng.reporters.JUnitReportReporter -->
<testsuite hostname="VG" failures="0" tests="1" name="com.inetBanking.testCases.TC_001_LoginTest" time="0.578" errors="0" timestamp="2024-01-31T19:19:58 IST" skipped="0">
  <testcase classname="com.inetBanking.testCases.TC_001_LoginTest" name="loginTest" time="0.578"/>
  <system-out/>
</testsuite> <!-- com.inetBanking.testCases.TC_001_LoginTest -->
