<?xml version="1.0" encoding="UTF-8"?>
<!-- Generated by org.testng.reporters.JUnitReportReporter -->
<testsuite hostname="VG" failures="0" tests="1" name="com.inetBanking.testCases.TC_001_LoginTest" time="5.749" errors="0" timestamp="2024-02-02T19:17:38 IST" skipped="0">
  <testcase classname="com.inetBanking.testCases.TC_001_LoginTest" name="loginTest" time="5.749"/>
  <system-out/>
</testsuite> <!-- com.inetBanking.testCases.TC_001_LoginTest -->
