<?xml version="1.0" encoding="UTF-8"?>
<!-- Generated by org.testng.reporters.JUnitReportReporter -->
<testsuite hostname="VG" failures="0" tests="1" name="com.inetBanking.testCases.TC_001_LoginTest" time="0.499" errors="0" timestamp="2024-01-31T15:21:08 IST" skipped="0">
  <testcase classname="com.inetBanking.testCases.TC_001_LoginTest" name="loginTest" time="0.499"/>
  <system-out/>
</testsuite> <!-- com.inetBanking.testCases.TC_001_LoginTest -->
